Using pre-set license
Built from '2020.2/release' branch; Version is '2020.2.1f1 (270dd8c3da1c) revision 2559448'; Using compiler version '192528614'; Build Type 'Release'
OS: 'Windows 10  (10.0.0) 64bit' Language: 'en' Physical Memory: 16302 MB
BatchMode: 1, IsHumanControllingUs: 0, StartBugReporterOnCrash: 0, Is64bit: 1, IsPro: 0

 COMMAND LINE ARGUMENTS:
D:\Program Files\Unity\Hub\Editor\2020.2.1f1\Editor\Unity.exe
-adb2
-batchMode
-noUpm
-name
AssetImportWorker0
-projectPath
D:/Users/kotem/UnityGit/Vaca/Vaca
-logFile
Logs/AssetImportWorker0.log
-srvPort
1080
Successfully changed project path to: D:/Users/kotem/UnityGit/Vaca/Vaca
D:/Users/kotem/UnityGit/Vaca/Vaca
Using Asset Import Pipeline V2.
Refreshing native plugins compatible for Editor in 87.51 ms, found 0 plugins.
Preloading 0 native plugins for Editor in 0.00 ms.
Initialize engine version: 2020.2.1f1 (270dd8c3da1c)
[Subsystems] Discovering subsystems at path D:/Program Files/Unity/Hub/Editor/2020.2.1f1/Editor/Data/Resources/UnitySubsystems
[Subsystems] Discovering subsystems at path D:/Users/kotem/UnityGit/Vaca/Vaca/Assets
GfxDevice: creating device client; threaded=0
Direct3D:
    Version:  Direct3D 11.0 [level 11.1]
    Renderer: NVIDIA GeForce GTX 1650 (ID=0x1f82)
    Vendor:   
    VRAM:     3962 MB
    Driver:   30.0.14.7168
Shader 'Universal Render Pipeline/Particles/Lit': fallback shader 'Universal Render Pipeline/Particles/SimpleLit' not found
Initialize mono
Mono path[0] = 'D:/Program Files/Unity/Hub/Editor/2020.2.1f1/Editor/Data/Managed'
Mono path[1] = 'D:/Program Files/Unity/Hub/Editor/2020.2.1f1/Editor/Data/MonoBleedingEdge/lib/mono/unityjit'
Mono config path = 'D:/Program Files/Unity/Hub/Editor/2020.2.1f1/Editor/Data/MonoBleedingEdge/etc'
Using monoOptions --debugger-agent=transport=dt_socket,embedding=1,server=y,suspend=n,address=127.0.0.1:56112
Begin MonoManager ReloadAssembly
Registering precompiled unity dll's ...
Register platform support module: D:/Program Files/Unity/Hub/Editor/2020.2.1f1/Editor/Data/PlaybackEngines/WindowsStandaloneSupport/UnityEditor.WindowsStandalone.Extensions.dll
Registered in 0.003478 seconds.
Native extension for WindowsStandalone target not found
Refreshing native plugins compatible for Editor in 85.95 ms, found 0 plugins.
Preloading 0 native plugins for Editor in 0.00 ms.
Invoked RoslynAnalysisRunner static constructor.
RoslynAnalysisRunner will not be running.
RoslynAnalysisRunner has terminated.
Mono: successfully reloaded assembly
- Completed reload, in  2.974 seconds
Platform modules already initialized, skipping
Registering precompiled user dll's ...
Registered in 0.002242 seconds.
Begin MonoManager ReloadAssembly
Native extension for WindowsStandalone target not found
Refreshing native plugins compatible for Editor in 96.71 ms, found 0 plugins.
Preloading 0 native plugins for Editor in 0.00 ms.
Invoked RoslynAnalysisRunner static constructor.
RoslynAnalysisRunner will not be running.
RoslynAnalysisRunner has terminated.
Mono: successfully reloaded assembly
- Completed reload, in  1.579 seconds
Platform modules already initialized, skipping
========================================================================
Worker process is ready to serve import requests
Shader 'Universal Render Pipeline/Particles/Lit': fallback shader 'Universal Render Pipeline/Particles/SimpleLit' not found
Launched and connected shader compiler UnityShaderCompiler.exe after 0.05 seconds
Refreshing native plugins compatible for Editor in 0.73 ms, found 0 plugins.
Preloading 0 native plugins for Editor in 0.00 ms.
Unloading 2403 Unused Serialized files (Serialized files now loaded: 0)
System memory in use before: 112.7 MB.
System memory in use after: 112.9 MB.

Unloading 10 unused Assets to reduce memory usage. Loaded Objects now: 2845.
Total: 2.879900 ms (FindLiveObjects: 0.312500 ms CreateObjectMapping: 0.134800 ms MarkObjects: 2.340100 ms  DeleteObjects: 0.091100 ms)

========================================================================
Received Import Request.
  path: Assets/Scene/Game/NavMesh.asset
  artifactKey: Guid(f3702374e90ec8741984651ecf7fc6dc) Importer(815301076,1909f56bfc062723c751e8b465ee728b)
Start importing Assets/Scene/Game/NavMesh.asset using Guid(f3702374e90ec8741984651ecf7fc6dc) Importer(815301076,1909f56bfc062723c751e8b465ee728b)  -> (artifact id: '2ac8c4aaf9a1e3da0eb16add554060d7') in 0.085002 seconds
  Import took 0.101541 seconds .

========================================================================
Received Import Request.
  Time since last request: 0.000448 seconds.
  path: Assets/Scene/PlayerTests/NavMesh.asset
  artifactKey: Guid(359d2a209eb21b2448ac58e88f985d70) Importer(815301076,1909f56bfc062723c751e8b465ee728b)
Start importing Assets/Scene/PlayerTests/NavMesh.asset using Guid(359d2a209eb21b2448ac58e88f985d70) Importer(815301076,1909f56bfc062723c751e8b465ee728b)  -> (artifact id: '531b54d65fb6d312359c43d09d48a7c8') in 0.003739 seconds
  Import took 0.008363 seconds .

========================================================================
Received Import Request.
  Time since last request: 2.222913 seconds.
  path: Assets/Scene/Felpe Test.unity
  artifactKey: Guid(c8115220a635fcf4790faa50f98602bb) Importer(815301076,1909f56bfc062723c751e8b465ee728b)
Start importing Assets/Scene/Felpe Test.unity using Guid(c8115220a635fcf4790faa50f98602bb) Importer(815301076,1909f56bfc062723c751e8b465ee728b)  -> (artifact id: 'ef9f06a833939f218b9a66700e60c8c4') in 0.023630 seconds
  Import took 0.029034 seconds .

========================================================================
Received Import Request.
  Time since last request: 8.629546 seconds.
  path: Assets/Scene/SampleSceneLightingSettings.lighting
  artifactKey: Guid(477cc4148fad3449482a3bc3178594e2) Importer(815301076,1909f56bfc062723c751e8b465ee728b)
Start importing Assets/Scene/SampleSceneLightingSettings.lighting using Guid(477cc4148fad3449482a3bc3178594e2) Importer(815301076,1909f56bfc062723c751e8b465ee728b)  -> (artifact id: 'e5e303ef8f59618da41449b00d7b64ed') in 0.018965 seconds
  Import took 0.030137 seconds .

========================================================================
Received Import Request.
  Time since last request: 0.037533 seconds.
  path: Assets/Scene/SampleSceneLightingSettings.lighting
  artifactKey: Guid(477cc4148fad3449482a3bc3178594e2) Importer(815301076,1909f56bfc062723c751e8b465ee728b)
Start importing Assets/Scene/SampleSceneLightingSettings.lighting using Guid(477cc4148fad3449482a3bc3178594e2) Importer(815301076,1909f56bfc062723c751e8b465ee728b)  -> (artifact id: 'e5e303ef8f59618da41449b00d7b64ed') in 0.003660 seconds
  Import took 0.009250 seconds .

========================================================================
Received Import Request.
  Time since last request: 7.979413 seconds.
  path: Assets/Scene/Game AssetsSettings.lighting
  artifactKey: Guid(94194fe9d188f2443a40661fa9a43b95) Importer(815301076,1909f56bfc062723c751e8b465ee728b)
Start importing Assets/Scene/Game AssetsSettings.lighting using Guid(94194fe9d188f2443a40661fa9a43b95) Importer(815301076,1909f56bfc062723c751e8b465ee728b) LightingSettings: switching bake backend from 1 to 0.
 -> (artifact id: '918292d4fbde53baf72ac311291e5863') in 0.012088 seconds
  Import took 0.022754 seconds .

========================================================================
Received Import Request.
  Time since last request: 16.883969 seconds.
  path: Assets/Scene/PlayerTests.unity
  artifactKey: Guid(17b55f223faf6b64fbbdfcfe3239fded) Importer(815301076,1909f56bfc062723c751e8b465ee728b)
Start importing Assets/Scene/PlayerTests.unity using Guid(17b55f223faf6b64fbbdfcfe3239fded) Importer(815301076,1909f56bfc062723c751e8b465ee728b)  -> (artifact id: '20b94e2d44c35954cea4c5cef20fe81e') in 0.029239 seconds
  Import took 0.056334 seconds .

========================================================================
Received Prepare
Registering precompiled user dll's ...
Registered in 0.003002 seconds.
Begin MonoManager ReloadAssembly
Native extension for WindowsStandalone target not found
Refreshing native plugins compatible for Editor in 0.72 ms, found 0 plugins.
Preloading 0 native plugins for Editor in 0.00 ms.
Invoked RoslynAnalysisRunner static constructor.
RoslynAnalysisRunner will not be running.
RoslynAnalysisRunner has terminated.
Mono: successfully reloaded assembly
- Completed reload, in  1.366 seconds
Platform modules already initialized, skipping
Shader 'Universal Render Pipeline/Particles/Lit': fallback shader 'Universal Render Pipeline/Particles/SimpleLit' not found
Refreshing native plugins compatible for Editor in 0.74 ms, found 0 plugins.
Preloading 0 native plugins for Editor in 0.00 ms.
Unloading 2293 Unused Serialized files (Serialized files now loaded: 0)
System memory in use before: 107.0 MB.
System memory in use after: 107.2 MB.

Unloading 5 unused Assets to reduce memory usage. Loaded Objects now: 2847.
Total: 2.842700 ms (FindLiveObjects: 0.306700 ms CreateObjectMapping: 0.130600 ms MarkObjects: 2.374400 ms  DeleteObjects: 0.029300 ms)

AssetImportWorkerClient::OnTransportError - code=2 error=End of file
